[17:17:02] [hotkey] Démarrage du service de raccourcis...
[HOTKEY-DEBUG] Thread de raccourcis démarré
[17:17:02] [hotkey] Thread de raccourcis démarré
[HOTKEY-DEBUG] Tentative d'enregistrement du raccourci Ctrl+Space...
[17:17:02] [hotkey] Tentative d'enregistrement du raccourci Ctrl+Space...
[HOTKEY-DEBUG] Résultat RegisterHotKey Ctrl+Space: true
[HOTKEY-DEBUG] Ctrl+Space enregistré avec succès
[17:17:02] [hotkey] Raccourci Ctrl+Space enregistré avec succès
[HOTKEY-DEBUG] Démarrage de la boucle de messages...
[17:17:02] [hotkey] Démarrage de la boucle de messages...
[17:17:03] [pin] OK C:\Users\louis\Desktop
[17:17:03] [pin] OK C:\Users\louis\Downloads
[17:17:04] [pin] OK C:\Users\louis\Documents
[17:17:05] [pin] OK C:\Users\louis\Pictures
[17:17:06] [pin] OK C:\Users\louis\Videos
[17:17:06] [pin] OK C:\Users\louis\Music
[HOTKEY-DEBUG] Raccourci détecté!
[17:17:06] [hotkey] Raccourci détecté!
[HOTKEY-DEBUG] Exécution du callback...
[17:17:06] [hotkey] Exécution du callback...
[17:17:07] [pin] OK C:\Users\louis\Folders
[17:17:08] [pin] OK C:\Users\louis\Executables
[17:17:08] [pin] OK C:\Users\louis\Archives
[17:17:08] [scan] start C:\Users\louis\Downloads
[17:17:08] [file]   C:\Users\louis\Downloads\face_landmarker_v2_with_blendshapes.task
[17:17:08] [move] moved : C:\Users\louis\Downloads\face_landmarker_v2_with_blendshapes.task
[17:17:08] [file]   C:\Users\louis\Downloads\teste.html
[17:17:08] [move] moved : C:\Users\louis\Downloads\teste.html
[17:17:08] [scan] moved=2
[17:17:08] [reload] start (initial)
[17:17:08] [search] Toggle: affichage de la fenêtre
[17:17:08] [reload] done, names=66
[17:17:08] [watch] C:\Users\louis\Desktop
[17:17:08] [watch] C:\Users\louis\Downloads
[17:17:08] [watch] C:\Users\louis\Documents
[17:17:08] [watch] C:\Users\louis\Pictures
[17:17:08] [watch] C:\Users\louis\Videos
[17:17:08] [watch] C:\Users\louis\Music
[17:17:08] [watch] C:\Users\louis\Folders
[17:17:08] [watch] C:\Users\louis\Executables
[17:17:08] [watch] C:\Users\louis\Archives
[17:17:09] [search] Fenêtre affichée
[17:17:13] [search] Fenêtre masquée
[17:17:22] [search] Fenêtre affichée
[17:17:24] [search] Fenêtre masquée
[HOTKEY-DEBUG] Raccourci détecté!
[17:17:25] [hotkey] Raccourci détecté!
[HOTKEY-DEBUG] Exécution du callback...
[17:17:25] [hotkey] Exécution du callback...
[17:17:25] [search] Toggle: affichage de la fenêtre
[17:17:25] [search] Fenêtre affichée
[17:17:26] [search] Fenêtre masquée
[HOTKEY-DEBUG] Raccourci détecté!
[17:17:27] [hotkey] Raccourci détecté!
[HOTKEY-DEBUG] Exécution du callback...
[17:17:27] [hotkey] Exécution du callback...
[17:17:27] [search] Toggle: affichage de la fenêtre
[17:17:27] [search] Fenêtre affichée
[17:17:28] [search] Fenêtre masquée
[17:17:35] [hotkey] Arrêt du service de raccourcis...
[17:17:35] [hotkey] PostQuitMessage envoyé
[17:17:36] [hotkey] Arrêt du service de raccourcis...
[17:17:36] [hotkey] PostQuitMessage envoyé
