[INFO] Scanning for projects...
[INFO] 
[INFO] -------------------------< fr.unkn0wndo3s:app >-------------------------
[INFO] Building app 1.0-SNAPSHOT
[INFO]   from pom.xml
[INFO] --------------------------------[ jar ]---------------------------------
[INFO] 
[INFO] >>> javafx:0.0.8:run (default-cli) > process-classes @ app >>>
[WARNING] 6 problems were encountered while building the effective model for org.openjfx:javafx-controls:jar:20 during dependency collection step for project (use -X to see details)
[INFO] 
[INFO] --- resources:3.3.1:resources (default-resources) @ app ---
[INFO] Copying 0 resource from src\main\resources to target\classes
[INFO] 
[INFO] --- compiler:3.11.0:compile (default-compile) @ app ---
[INFO] Nothing to compile - all classes are up to date
[INFO] 
[INFO] <<< javafx:0.0.8:run (default-cli) < process-classes @ app <<<
[INFO] 
[INFO] 
[INFO] --- javafx:0.0.8:run (default-cli) @ app ---
[16:58:37] [hotkey] Démarrage du service de raccourcis...
[HOTKEY-DEBUG] Thread de raccourcis démarré
[16:58:37] [hotkey] Thread de raccourcis démarré
[HOTKEY-DEBUG] Tentative d'enregistrement du raccourci Ctrl+Space...
[16:58:37] [hotkey] Tentative d'enregistrement du raccourci Ctrl+Space...
[HOTKEY-DEBUG] Résultat RegisterHotKey Ctrl+Space: true
[HOTKEY-DEBUG] Ctrl+Space enregistré avec succès
[16:58:37] [hotkey] Raccourci Ctrl+Space enregistré avec succès
[HOTKEY-DEBUG] Démarrage de la boucle de messages...
[16:58:37] [hotkey] Démarrage de la boucle de messages...
[16:58:38] [pin] OK C:\Users\louis\Desktop
[16:58:38] [pin] OK C:\Users\louis\Downloads
[16:58:39] [pin] OK C:\Users\louis\Documents
[16:58:40] [pin] OK C:\Users\louis\Pictures
[16:58:40] [pin] OK C:\Users\louis\Videos
[16:58:41] [pin] OK C:\Users\louis\Music
[HOTKEY-DEBUG] Raccourci détecté!
[16:58:41] [hotkey] Raccourci détecté!
[HOTKEY-DEBUG] Exécution du callback...
[16:58:41] [hotkey] Exécution du callback...
[16:58:42] [pin] OK C:\Users\louis\Folders
[16:58:43] [pin] OK C:\Users\louis\Executables
[16:58:43] [pin] OK C:\Users\louis\Archives
[16:58:43] [scan] start C:\Users\louis\Downloads
[16:58:43] [file]   C:\Users\louis\Downloads\face_landmarker_v2_with_blendshapes.task
[16:58:43] [move] moved : C:\Users\louis\Downloads\face_landmarker_v2_with_blendshapes.task
[16:58:43] [file]   C:\Users\louis\Downloads\teste.html
[16:58:43] [move] moved : C:\Users\louis\Downloads\teste.html
[16:58:43] [scan] moved=2
[16:58:43] [reload] start (initial)
[16:58:43] [search] Toggle: affichage de la fenêtre
[16:58:43] [reload] done, names=66
[16:58:43] [watch] C:\Users\louis\Desktop
[16:58:43] [watch] C:\Users\louis\Downloads
[16:58:43] [watch] C:\Users\louis\Documents
[16:58:43] [watch] C:\Users\louis\Pictures
[16:58:43] [watch] C:\Users\louis\Videos
[16:58:43] [watch] C:\Users\louis\Music
[16:58:43] [watch] C:\Users\louis\Folders
[16:58:43] [watch] C:\Users\louis\Executables
[16:58:43] [watch] C:\Users\louis\Archives
[16:58:44] [search] Fenêtre affichée
[16:58:46] [search] Fenêtre masquée
[16:58:49] [hotkey] Arrêt du service de raccourcis...
[16:58:49] [hotkey] PostQuitMessage envoyé
[16:58:51] [hotkey] Arrêt du service de raccourcis...
[16:58:51] [hotkey] PostQuitMessage envoyé
[INFO] ------------------------------------------------------------------------
[INFO] BUILD SUCCESS
[INFO] ------------------------------------------------------------------------
[INFO] Total time:  18.524 s
[INFO] Finished at: 2025-09-10T16:58:51+02:00
[INFO] ------------------------------------------------------------------------
